<?xml version="1.0" encoding="UTF-8"?>
<testsuite name="com.ibm.watson.developercloud.natural_language_classifier.NaturalLanguageClassifierTest" tests="1" skipped="0" failures="0" errors="0" timestamp="2015-09-23T17:25:22" hostname="Martins-MacBook-Pro.local" time="0.018">
  <properties/>
  <testcase name="An empty Set should have size 0" classname="com.ibm.watson.developercloud.natural_language_classifier.NaturalLanguageClassifierTest" time="0.018"/>
  <system-out><![CDATA[]]></system-out>
  <system-err><![CDATA[]]></system-err>
</testsuite>
